<?xml version="1.0" encoding="UTF-8"?>
<!-- Generated by org.testng.reporters.JUnitReportReporter -->
<testsuite hostname="Dierk-Konigs-MacBook-Pro.local" name="extra_ParameterizedTestNG" tests="4" failures="0" timestamp="4 Jun 2015 10:16:30 GMT" time="0.011" errors="0">
  <testcase name="convert" time="0.001" classname="extra_ParameterizedTestNG"/>
  <testcase name="convert" time="0.010" classname="extra_ParameterizedTestNG"/>
  <testcase name="convert" time="0.000" classname="extra_ParameterizedTestNG"/>
  <testcase name="convert" time="0.000" classname="extra_ParameterizedTestNG"/>
</testsuite> <!-- extra_ParameterizedTestNG -->
