<?xml version="1.0" encoding="UTF-8"?>
<testng-results skipped="0" failed="0" total="1" passed="1">
  <reporter-output>
  </reporter-output>
  <suite name="Command line suite" duration-ms="2" started-at="2015-06-04T10:16:31Z" finished-at="2015-06-04T10:16:31Z">
    <groups>
    </groups>
    <test name="Command line test" duration-ms="2" started-at="2015-06-04T10:16:31Z" finished-at="2015-06-04T10:16:31Z">
      <class name="extra_TestNG">
        <test-method status="PASS" signature="shouldAdd()[pri:0, instance:extra_TestNG@2ec2a43e]" name="shouldAdd" duration-ms="1" started-at="2015-06-04T12:16:31Z" finished-at="2015-06-04T12:16:31Z">
          <reporter-output>
          </reporter-output>
        </test-method> <!-- shouldAdd -->
      </class> <!-- extra_TestNG -->
    </test> <!-- Command line test -->
  </suite> <!-- Command line suite -->
</testng-results>
